<?xml version="1.0" encoding="UTF-8"?>
<!-- Generated by org.testng.reporters.JUnitXMLReporter -->
<testsuite hostname="AB" ignored="0" name="Default test" tests="3" failures="1" timestamp="19 Jul 2019 19:45:19 GMT" time="14.198" errors="0">
  <testcase name="@BeforeMethod userLogin" time="0.0" classname="com.automation.session7TestNG.VtigerUsingXML">
    <failure type="org.testng.TestNGException" message="
Parameter &amp;apos;username&amp;apos; is required by BeforeMethod on method userLogin but has not been marked @Optional or defined
in C:\Users\Akshay\AppData\Local\Temp\testng-eclipse--963108400\testng-customsuite.xml">
      <![CDATA[org.testng.TestNGException: 
Parameter 'username' is required by BeforeMethod on method userLogin but has not been marked @Optional or defined
in C:\Users\Akshay\AppData\Local\Temp\testng-eclipse--963108400\testng-customsuite.xml
at org.testng.internal.Parameters.createParams(Parameters.java:290)
at org.testng.internal.Parameters.createParametersForMethod(Parameters.java:359)
at org.testng.internal.Parameters.createParameters(Parameters.java:620)
at org.testng.internal.Parameters.createConfigurationParameters(Parameters.java:190)
at org.testng.internal.Invoker.invokeConfigurations(Invoker.java:209)
at org.testng.internal.Invoker.invokeMethod(Invoker.java:523)
at org.testng.internal.Invoker.invokeTestMethod(Invoker.java:719)
at org.testng.internal.Invoker.invokeTestMethods(Invoker.java:989)
at org.testng.internal.TestMethodWorker.invokeTestMethods(TestMethodWorker.java:125)
at org.testng.internal.TestMethodWorker.run(TestMethodWorker.java:109)
at org.testng.TestRunner.privateRun(TestRunner.java:648)
at org.testng.TestRunner.run(TestRunner.java:505)
at org.testng.SuiteRunner.runTest(SuiteRunner.java:455)
at org.testng.SuiteRunner.runSequentially(SuiteRunner.java:450)
at org.testng.SuiteRunner.privateRun(SuiteRunner.java:415)
at org.testng.SuiteRunner.run(SuiteRunner.java:364)
at org.testng.SuiteRunnerWorker.runSuite(SuiteRunnerWorker.java:52)
at org.testng.SuiteRunnerWorker.run(SuiteRunnerWorker.java:84)
at org.testng.TestNG.runSuitesSequentially(TestNG.java:1208)
at org.testng.TestNG.runSuitesLocally(TestNG.java:1137)
at org.testng.TestNG.runSuites(TestNG.java:1049)
at org.testng.TestNG.run(TestNG.java:1017)
at org.testng.remote.AbstractRemoteTestNG.run(AbstractRemoteTestNG.java:115)
at org.testng.remote.RemoteTestNG.initAndRun(RemoteTestNG.java:251)
at org.testng.remote.RemoteTestNG.main(RemoteTestNG.java:77)
]]>
    </failure>
  </testcase> <!-- @BeforeMethod userLogin -->
  <testcase name="@AfterMethod logOut" time="0.0" classname="com.automation.session7TestNG.VtigerUsingXML">
    <skipped/>
  </testcase> <!-- @AfterMethod logOut -->
  <testcase name="@BeforeMethod userLogin" time="0.0" classname="com.automation.session7TestNG.VtigerUsingXML">
    <skipped/>
  </testcase> <!-- @BeforeMethod userLogin -->
  <testcase name="@AfterMethod logOut" time="0.0" classname="com.automation.session7TestNG.VtigerUsingXML">
    <skipped/>
  </testcase> <!-- @AfterMethod logOut -->
  <testcase name="@AfterTest browserClose" time="0.0" classname="com.automation.session7TestNG.VtigerUsingXML">
    <skipped/>
  </testcase> <!-- @AfterTest browserClose -->
  <testcase name="leadCreation" time="0.0" classname="com.automation.session7TestNG.VtigerUsingXML">
    <failure type="org.testng.TestNGException" message="
Parameter &amp;apos;firstname&amp;apos; is required by @Test on method leadCreation but has not been marked @Optional or defined
in C:\Users\Akshay\AppData\Local\Temp\testng-eclipse--963108400\testng-customsuite.xml">
      <![CDATA[org.testng.TestNGException: 
Parameter 'firstname' is required by @Test on method leadCreation but has not been marked @Optional or defined
in C:\Users\Akshay\AppData\Local\Temp\testng-eclipse--963108400\testng-customsuite.xml
at org.testng.internal.Parameters.createParams(Parameters.java:290)
at org.testng.internal.Parameters.createParametersForMethod(Parameters.java:359)
at org.testng.internal.Parameters.createParameters(Parameters.java:620)
at org.testng.internal.Parameters.handleParameters(Parameters.java:769)
at org.testng.internal.ParameterHandler.handleParameters(ParameterHandler.java:49)
at org.testng.internal.ParameterHandler.createParameters(ParameterHandler.java:37)
at org.testng.internal.Invoker.invokeTestMethods(Invoker.java:924)
at org.testng.internal.TestMethodWorker.invokeTestMethods(TestMethodWorker.java:125)
at org.testng.internal.TestMethodWorker.run(TestMethodWorker.java:109)
at org.testng.TestRunner.privateRun(TestRunner.java:648)
at org.testng.TestRunner.run(TestRunner.java:505)
at org.testng.SuiteRunner.runTest(SuiteRunner.java:455)
at org.testng.SuiteRunner.runSequentially(SuiteRunner.java:450)
at org.testng.SuiteRunner.privateRun(SuiteRunner.java:415)
at org.testng.SuiteRunner.run(SuiteRunner.java:364)
at org.testng.SuiteRunnerWorker.runSuite(SuiteRunnerWorker.java:52)
at org.testng.SuiteRunnerWorker.run(SuiteRunnerWorker.java:84)
at org.testng.TestNG.runSuitesSequentially(TestNG.java:1208)
at org.testng.TestNG.runSuitesLocally(TestNG.java:1137)
at org.testng.TestNG.runSuites(TestNG.java:1049)
at org.testng.TestNG.run(TestNG.java:1017)
at org.testng.remote.AbstractRemoteTestNG.run(AbstractRemoteTestNG.java:115)
at org.testng.remote.RemoteTestNG.initAndRun(RemoteTestNG.java:251)
at org.testng.remote.RemoteTestNG.main(RemoteTestNG.java:77)
]]>
    </failure>
  </testcase> <!-- leadCreation -->
  <testcase name="leadModify" time="0.0" classname="com.automation.session7TestNG.VtigerUsingXML">
    <skipped/>
  </testcase> <!-- leadModify -->
  <testcase name="leadDelete" time="0.0" classname="com.automation.session7TestNG.VtigerUsingXML">
    <skipped/>
  </testcase> <!-- leadDelete -->
</testsuite> <!-- Default test -->
